<?xml version='1.0'?>
<ns2:test-suite xmlns:ns2='urn:model.allure.qatools.yandex.ru' start='1658330788921' stop='1658330788923'>
    <name>Travel booking Service, documents and finance test</name>
    <title>Travel booking Service, documents and finance test</title>
    <test-cases>
        <test-case start='1658330788922' status='pending' stop='1658330788922'>
            <name>Go to Services / Travel booking page and check label</name>
            <title>Go to Services / Travel booking page and check label</title>
            <labels/>
            <parameters/>
            <steps/>
            <attachments/>
            <failure>
                <message>Test ignored</message>
                <stack-trace>undefined</stack-trace>
            </failure>
        </test-case>
        <test-case start='1658330788922' status='pending' stop='1658330788922'>
            <name>Verify service documents</name>
            <title>Verify service documents</title>
            <labels/>
            <parameters/>
            <steps/>
            <attachments/>
            <failure>
                <message>Test ignored</message>
                <stack-trace>undefined</stack-trace>
            </failure>
        </test-case>
        <test-case start='1658330788922' status='pending' stop='1658330788922'>
            <name>Verify remove service document</name>
            <title>Verify remove service document</title>
            <labels/>
            <parameters/>
            <steps/>
            <attachments/>
            <failure>
                <message>Test ignored</message>
                <stack-trace>undefined</stack-trace>
            </failure>
        </test-case>
        <test-case start='1658330788922' status='pending' stop='1658330788922'>
            <name>Verify service PurchaseOrder</name>
            <title>Verify service PurchaseOrder</title>
            <labels/>
            <parameters/>
            <steps/>
            <attachments/>
            <failure>
                <message>Test ignored</message>
                <stack-trace>undefined</stack-trace>
            </failure>
        </test-case>
        <test-case start='1658330788922' status='pending' stop='1658330788922'>
            <name>Verify service Sales Order</name>
            <title>Verify service Sales Order</title>
            <labels/>
            <parameters/>
            <steps/>
            <attachments/>
            <failure>
                <message>Test ignored</message>
                <stack-trace>undefined</stack-trace>
            </failure>
        </test-case>
        <test-case start='1658330788922' status='pending' stop='1658330788922'>
            <name>Verify service Recurring Purchase Orders</name>
            <title>Verify service Recurring Purchase Orders</title>
            <labels/>
            <parameters/>
            <steps/>
            <attachments/>
            <failure>
                <message>Test ignored</message>
                <stack-trace>undefined</stack-trace>
            </failure>
        </test-case>
    </test-cases>
</ns2:test-suite>