<?xml version='1.0'?>
<ns2:test-suite xmlns:ns2='urn:model.allure.qatools.yandex.ru' start='1654244737549' stop='1654244737551'>
    <name>Language Training Service, test</name>
    <title>Language Training Service, test</title>
    <test-cases>
        <test-case start='1654244737550' status='pending' stop='1654244737550'>
            <name>Go to Services / Language training tab and check label</name>
            <title>Go to Services / Language training tab and check label</title>
            <labels/>
            <parameters/>
            <steps/>
            <attachments/>
            <failure>
                <message>Test ignored</message>
                <stack-trace>undefined</stack-trace>
            </failure>
        </test-case>
        <test-case start='1654244737550' status='pending' stop='1654244737550'>
            <name>Verify language training form</name>
            <title>Verify language training form</title>
            <labels/>
            <parameters/>
            <steps/>
            <attachments/>
            <failure>
                <message>Test ignored</message>
                <stack-trace>undefined</stack-trace>
            </failure>
        </test-case>
        <test-case start='1654244737550' status='pending' stop='1654244737550'>
            <name>Verify language training edit form witout saving </name>
            <title>Verify language training edit form witout saving </title>
            <labels/>
            <parameters/>
            <steps/>
            <attachments/>
            <failure>
                <message>Test ignored</message>
                <stack-trace>undefined</stack-trace>
            </failure>
        </test-case>
        <test-case start='1654244737550' status='pending' stop='1654244737550'>
            <name>Verify language training edit form with saving </name>
            <title>Verify language training edit form with saving </title>
            <labels/>
            <parameters/>
            <steps/>
            <attachments/>
            <failure>
                <message>Test ignored</message>
                <stack-trace>undefined</stack-trace>
            </failure>
        </test-case>
        <test-case start='1654244737550' status='pending' stop='1654244737550'>
            <name>Verify Initiate service partner</name>
            <title>Verify Initiate service partner</title>
            <labels/>
            <parameters/>
            <steps/>
            <attachments/>
            <failure>
                <message>Test ignored</message>
                <stack-trace>undefined</stack-trace>
            </failure>
        </test-case>
        <test-case start='1654244737550' status='pending' stop='1654244737550'>
            <name>Verify remove service partner</name>
            <title>Verify remove service partner</title>
            <labels/>
            <parameters/>
            <steps/>
            <attachments/>
            <failure>
                <message>Test ignored</message>
                <stack-trace>undefined</stack-trace>
            </failure>
        </test-case>
        <test-case start='1654244737550' status='pending' stop='1654244737550'>
            <name>Verify service documents</name>
            <title>Verify service documents</title>
            <labels/>
            <parameters/>
            <steps/>
            <attachments/>
            <failure>
                <message>Test ignored</message>
                <stack-trace>undefined</stack-trace>
            </failure>
        </test-case>
        <test-case start='1654244737550' status='pending' stop='1654244737550'>
            <name>Verify service PurchaseOrder</name>
            <title>Verify service PurchaseOrder</title>
            <labels/>
            <parameters/>
            <steps/>
            <attachments/>
            <failure>
                <message>Test ignored</message>
                <stack-trace>undefined</stack-trace>
            </failure>
        </test-case>
        <test-case start='1654244737550' status='pending' stop='1654244737550'>
            <name>Verify service Sales Order</name>
            <title>Verify service Sales Order</title>
            <labels/>
            <parameters/>
            <steps/>
            <attachments/>
            <failure>
                <message>Test ignored</message>
                <stack-trace>undefined</stack-trace>
            </failure>
        </test-case>
        <test-case start='1654244737550' status='pending' stop='1654244737550'>
            <name>Verify service Recurring Purchase Orders</name>
            <title>Verify service Recurring Purchase Orders</title>
            <labels/>
            <parameters/>
            <steps/>
            <attachments/>
            <failure>
                <message>Test ignored</message>
                <stack-trace>undefined</stack-trace>
            </failure>
        </test-case>
    </test-cases>
</ns2:test-suite>