<?xml version='1.0'?>
<ns2:test-suite xmlns:ns2='urn:model.allure.qatools.yandex.ru' start='1654330494124' stop='1654330528112'>
    <name>Need analysis TempAccommodation(Destination) tab test</name>
    <title>Need analysis TempAccommodation(Destination) tab test</title>
    <test-cases>
        <test-case start='1654330494124' status='passed' stop='1654330507643'>
            <name>Go to need analysis tab and check label</name>
            <title>Go to need analysis tab and check label</title>
            <labels>
                <label name='language' value='javascript'/>
                <label name='framework' value='wdio'/>
                <label name='thread' value='0-1'/>
                <label name='language' value='javascript'/>
                <label name='framework' value='wdio'/>
                <label name='thread' value='0-1'/>
            </labels>
            <parameters>
                <parameter kind='argument' name='browser' value='chrome-102.0.5005.63'/>
                <parameter kind='argument' name='browser' value='chrome-102.0.5005.63'/>
            </parameters>
            <steps/>
            <attachments/>
        </test-case>
        <test-case start='1654330507643' status='failed' stop='1654330523459'>
            <name>Verify TempAccommodation(Destination) section</name>
            <title>Verify TempAccommodation(Destination) section</title>
            <labels>
                <label name='language' value='javascript'/>
                <label name='framework' value='wdio'/>
                <label name='thread' value='0-1'/>
            </labels>
            <parameters>
                <parameter kind='argument' name='browser' value='chrome-102.0.5005.63'/>
            </parameters>
            <steps/>
            <attachments/>
            <failure>
                <message>expect(received).toContain(expected) // indexOf
                
                Expected substring: "550"
                Received string:    "testLoc1"</message>
                <stack-trace>Error: expect(received).toContain(expected) // indexOf
                
                Expected substring: "550"
                Received string:    "testLoc1"
                    at D:\Ghactionstest3\testGithubActions\autoTests\test\specs\assignments\need_analysis\10_tempAccommodation(Destination).spec.ts:57:104
                    at step (D:\Ghactionstest3\testGithubActions\autoTests\test\specs\assignments\need_analysis\10_tempAccommodation(Destination).spec.ts:33:23)
                    at Object.next (D:\Ghactionstest3\testGithubActions\autoTests\test\specs\assignments\need_analysis\10_tempAccommodation(Destination).spec.ts:14:53)
                    at fulfilled (D:\Ghactionstest3\testGithubActions\autoTests\test\specs\assignments\need_analysis\10_tempAccommodation(Destination).spec.ts:5:58)
                    at runMicrotasks (&lt;anonymous>)
                    at processTicksAndRejections (internal/process/task_queues.js:95:5)</stack-trace>
            </failure>
        </test-case>
        <test-case start='1654330523459' status='failed' stop='1654330528111'>
            <name>Verify edit TempAccommodation(Destination) section</name>
            <title>Verify edit TempAccommodation(Destination) section</title>
            <labels>
                <label name='language' value='javascript'/>
                <label name='framework' value='wdio'/>
                <label name='thread' value='0-1'/>
            </labels>
            <parameters>
                <parameter kind='argument' name='browser' value='chrome-102.0.5005.63'/>
            </parameters>
            <steps/>
            <attachments/>
            <failure>
                <message>expect(received).toContain(expected) // indexOf
                
                Expected substring: "550"
                Received string:    "testLoc1"</message>
                <stack-trace>Error: expect(received).toContain(expected) // indexOf
                
                Expected substring: "550"
                Received string:    "testLoc1"
                    at D:\Ghactionstest3\testGithubActions\autoTests\test\specs\assignments\need_analysis\10_tempAccommodation(Destination).spec.ts:75:104
                    at step (D:\Ghactionstest3\testGithubActions\autoTests\test\specs\assignments\need_analysis\10_tempAccommodation(Destination).spec.ts:33:23)
                    at Object.next (D:\Ghactionstest3\testGithubActions\autoTests\test\specs\assignments\need_analysis\10_tempAccommodation(Destination).spec.ts:14:53)
                    at fulfilled (D:\Ghactionstest3\testGithubActions\autoTests\test\specs\assignments\need_analysis\10_tempAccommodation(Destination).spec.ts:5:58)
                    at runMicrotasks (&lt;anonymous>)
                    at processTicksAndRejections (internal/process/task_queues.js:95:5)</stack-trace>
            </failure>
        </test-case>
    </test-cases>
</ns2:test-suite>