<?xml version='1.0'?>
<ns2:test-suite xmlns:ns2='urn:model.allure.qatools.yandex.ru' start='1658323040638' stop='1658323103996'>
    <name>Home search Service, documents and finance test</name>
    <title>Home search Service, documents and finance test</title>
    <test-cases>
        <test-case start='1658323040638' status='passed' stop='1658323051207'>
            <name>Go to Services / Home search page and check label</name>
            <title>Go to Services / Home search page and check label</title>
            <labels>
                <label name='language' value='javascript'/>
                <label name='framework' value='wdio'/>
                <label name='thread' value='0-1'/>
                <label name='language' value='javascript'/>
                <label name='framework' value='wdio'/>
                <label name='thread' value='0-1'/>
            </labels>
            <parameters>
                <parameter kind='argument' name='browser' value='chrome-103.0.5060.114'/>
                <parameter kind='argument' name='browser' value='chrome-103.0.5060.114'/>
            </parameters>
            <steps/>
            <attachments/>
        </test-case>
        <test-case start='1658323051208' status='passed' stop='1658323069068'>
            <name>Verify set Home search result form</name>
            <title>Verify set Home search result form</title>
            <labels>
                <label name='language' value='javascript'/>
                <label name='framework' value='wdio'/>
                <label name='thread' value='0-1'/>
            </labels>
            <parameters>
                <parameter kind='argument' name='browser' value='chrome-103.0.5060.114'/>
            </parameters>
            <steps/>
            <attachments/>
        </test-case>
        <test-case start='1658323069070' status='passed' stop='1658323099369'>
            <name>Verify edit Home search result form</name>
            <title>Verify edit Home search result form</title>
            <labels>
                <label name='language' value='javascript'/>
                <label name='framework' value='wdio'/>
                <label name='thread' value='0-1'/>
            </labels>
            <parameters>
                <parameter kind='argument' name='browser' value='chrome-103.0.5060.114'/>
            </parameters>
            <steps/>
            <attachments/>
        </test-case>
        <test-case start='1658323099371' status='broken' stop='1658323101309'>
            <name>Verify set deposit Payment form</name>
            <title>Verify set deposit Payment form</title>
            <labels>
                <label name='language' value='javascript'/>
                <label name='framework' value='wdio'/>
                <label name='thread' value='0-1'/>
            </labels>
            <parameters>
                <parameter kind='argument' name='browser' value='chrome-103.0.5060.114'/>
            </parameters>
            <steps/>
            <attachments/>
            <failure>
                <message>homeSearch_page_1.default.clickDepositPaymentSaveBtn is not a function</message>
                <stack-trace>TypeError: homeSearch_page_1.default.clickDepositPaymentSaveBtn is not a function
                    at D:\Ghactionstest3\testGithubActions\autoTests\test\specs\assignments\initiated_services\pre_assignment_services\homeSearch_Service_Deposit_Tenacy.spec.ts:137:30
                    at step (D:\Ghactionstest3\testGithubActions\autoTests\test\specs\assignments\initiated_services\pre_assignment_services\homeSearch_Service_Deposit_Tenacy.spec.ts:33:23)
                    at Object.next (D:\Ghactionstest3\testGithubActions\autoTests\test\specs\assignments\initiated_services\pre_assignment_services\homeSearch_Service_Deposit_Tenacy.spec.ts:14:53)
                    at fulfilled (D:\Ghactionstest3\testGithubActions\autoTests\test\specs\assignments\initiated_services\pre_assignment_services\homeSearch_Service_Deposit_Tenacy.spec.ts:5:58)
                    at runMicrotasks (&lt;anonymous>)
                    at processTicksAndRejections (internal/process/task_queues.js:95:5)</stack-trace>
            </failure>
        </test-case>
        <test-case start='1658323101310' status='failed' stop='1658323103995'>
            <name>Verify edit deposit Payment form</name>
            <title>Verify edit deposit Payment form</title>
            <labels>
                <label name='language' value='javascript'/>
                <label name='framework' value='wdio'/>
                <label name='thread' value='0-1'/>
            </labels>
            <parameters>
                <parameter kind='argument' name='browser' value='chrome-103.0.5060.114'/>
            </parameters>
            <steps/>
            <attachments/>
            <failure>
                <message>expect(received).toContain(expected) // indexOf
                
                Expected substring: "EUR - Euro"
                Received string:    "USD - US Dollar"</message>
                <stack-trace>Error: expect(received).toContain(expected) // indexOf
                
                Expected substring: "EUR - Euro"
                Received string:    "USD - US Dollar"
                    at D:\Ghactionstest3\testGithubActions\autoTests\test\specs\assignments\initiated_services\pre_assignment_services\homeSearch_Service_Deposit_Tenacy.spec.ts:149:79
                    at step (D:\Ghactionstest3\testGithubActions\autoTests\test\specs\assignments\initiated_services\pre_assignment_services\homeSearch_Service_Deposit_Tenacy.spec.ts:33:23)
                    at Object.next (D:\Ghactionstest3\testGithubActions\autoTests\test\specs\assignments\initiated_services\pre_assignment_services\homeSearch_Service_Deposit_Tenacy.spec.ts:14:53)
                    at fulfilled (D:\Ghactionstest3\testGithubActions\autoTests\test\specs\assignments\initiated_services\pre_assignment_services\homeSearch_Service_Deposit_Tenacy.spec.ts:5:58)
                    at processTicksAndRejections (internal/process/task_queues.js:95:5)</stack-trace>
            </failure>
        </test-case>
    </test-cases>
</ns2:test-suite>