<?xml version='1.0'?>
<ns2:test-suite xmlns:ns2='urn:model.allure.qatools.yandex.ru' start='1654330616675' stop='1654330643716'>
    <name>Need analysis HomeSearch(Property) tab test</name>
    <title>Need analysis HomeSearch(Property) tab test</title>
    <test-cases>
        <test-case start='1654330616675' status='passed' stop='1654330630527'>
            <name>Go to need analysis tab and check label</name>
            <title>Go to need analysis tab and check label</title>
            <labels>
                <label name='language' value='javascript'/>
                <label name='framework' value='wdio'/>
                <label name='thread' value='0-4'/>
                <label name='language' value='javascript'/>
                <label name='framework' value='wdio'/>
                <label name='thread' value='0-4'/>
            </labels>
            <parameters>
                <parameter kind='argument' name='browser' value='chrome-102.0.5005.63'/>
                <parameter kind='argument' name='browser' value='chrome-102.0.5005.63'/>
            </parameters>
            <steps/>
            <attachments/>
        </test-case>
        <test-case start='1654330630528' status='failed' stop='1654330643715'>
            <name>Verify HomeSearch(Property) section</name>
            <title>Verify HomeSearch(Property) section</title>
            <labels>
                <label name='language' value='javascript'/>
                <label name='framework' value='wdio'/>
                <label name='thread' value='0-4'/>
            </labels>
            <parameters>
                <parameter kind='argument' name='browser' value='chrome-102.0.5005.63'/>
            </parameters>
            <steps/>
            <attachments/>
            <failure>
                <message>expect(received).toBe(expected) // Object.is equality
                
                Expected: "PropertyTestSpec1_2"
                Received: "PropertyTestSpec2_1"</message>
                <stack-trace>Error: expect(received).toBe(expected) // Object.is equality
                
                Expected: "PropertyTestSpec1_2"
                Received: "PropertyTestSpec2_1"
                    at D:\Ghactionstest3\testGithubActions\autoTests\test\specs\assignments\need_analysis\13_homeSearch(Property).spec.ts:70:73
                    at step (D:\Ghactionstest3\testGithubActions\autoTests\test\specs\assignments\need_analysis\13_homeSearch(Property).spec.ts:33:23)
                    at Object.next (D:\Ghactionstest3\testGithubActions\autoTests\test\specs\assignments\need_analysis\13_homeSearch(Property).spec.ts:14:53)
                    at fulfilled (D:\Ghactionstest3\testGithubActions\autoTests\test\specs\assignments\need_analysis\13_homeSearch(Property).spec.ts:5:58)
                    at runMicrotasks (&lt;anonymous>)
                    at processTicksAndRejections (internal/process/task_queues.js:95:5)</stack-trace>
            </failure>
        </test-case>
        <test-case start='1654330643716' status='pending' stop='1654330643716'>
            <name>Verify edit HomeSearch(Property) section</name>
            <title>Verify edit HomeSearch(Property) section</title>
            <labels/>
            <parameters/>
            <steps/>
            <attachments/>
            <failure>
                <message>Test ignored</message>
                <stack-trace>undefined</stack-trace>
            </failure>
        </test-case>
    </test-cases>
</ns2:test-suite>