<?xml version='1.0'?>
<ns2:test-suite xmlns:ns2='urn:model.allure.qatools.yandex.ru' start='1658470820911' stop='1658470880879'>
    <name>Home search Service, documents and finance test</name>
    <title>Home search Service, documents and finance test</title>
    <test-cases>
        <test-case start='1658470820911' status='passed' stop='1658470829917'>
            <name>Go to Services / Home search page and check label</name>
            <title>Go to Services / Home search page and check label</title>
            <labels>
                <label name='language' value='javascript'/>
                <label name='framework' value='wdio'/>
                <label name='thread' value='0-1'/>
                <label name='language' value='javascript'/>
                <label name='framework' value='wdio'/>
                <label name='thread' value='0-1'/>
            </labels>
            <parameters>
                <parameter kind='argument' name='browser' value='chrome-103.0.5060.134'/>
                <parameter kind='argument' name='browser' value='chrome-103.0.5060.134'/>
            </parameters>
            <steps/>
            <attachments/>
        </test-case>
        <test-case start='1658470829917' status='failed' stop='1658470847309'>
            <name>Verify set Home search result form</name>
            <title>Verify set Home search result form</title>
            <labels>
                <label name='language' value='javascript'/>
                <label name='framework' value='wdio'/>
                <label name='thread' value='0-1'/>
            </labels>
            <parameters>
                <parameter kind='argument' name='browser' value='chrome-103.0.5060.134'/>
            </parameters>
            <steps/>
            <attachments/>
            <failure>
                <message>expect(received).toBe(expected) // Object.is equality
                
                Expected: "7.22.2022"
                Received: ""</message>
                <stack-trace>Error: expect(received).toBe(expected) // Object.is equality
                
                Expected: "7.22.2022"
                Received: ""
                    at D:\Ghactionstest3\testGithubActions\autoTests\test\specs\assignments\initiated_services\pre_assignment_services\homeSearch_Service_Deposit_Tenacy.spec.ts:72:63
                    at step (D:\Ghactionstest3\testGithubActions\autoTests\test\specs\assignments\initiated_services\pre_assignment_services\homeSearch_Service_Deposit_Tenacy.spec.ts:33:23)
                    at Object.next (D:\Ghactionstest3\testGithubActions\autoTests\test\specs\assignments\initiated_services\pre_assignment_services\homeSearch_Service_Deposit_Tenacy.spec.ts:14:53)
                    at fulfilled (D:\Ghactionstest3\testGithubActions\autoTests\test\specs\assignments\initiated_services\pre_assignment_services\homeSearch_Service_Deposit_Tenacy.spec.ts:5:58)
                    at runMicrotasks (&lt;anonymous>)
                    at processTicksAndRejections (internal/process/task_queues.js:95:5)</stack-trace>
            </failure>
        </test-case>
        <test-case start='1658470847310' status='failed' stop='1658470859537'>
            <name>Verify edit Home search result form</name>
            <title>Verify edit Home search result form</title>
            <labels>
                <label name='language' value='javascript'/>
                <label name='framework' value='wdio'/>
                <label name='thread' value='0-1'/>
            </labels>
            <parameters>
                <parameter kind='argument' name='browser' value='chrome-103.0.5060.134'/>
            </parameters>
            <steps/>
            <attachments/>
            <failure>
                <message>expect(received).toBe(expected) // Object.is equality
                
                Expected: "7.22.2022"
                Received: ""</message>
                <stack-trace>Error: expect(received).toBe(expected) // Object.is equality
                
                Expected: "7.22.2022"
                Received: ""
                    at D:\Ghactionstest3\testGithubActions\autoTests\test\specs\assignments\initiated_services\pre_assignment_services\homeSearch_Service_Deposit_Tenacy.spec.ts:94:63
                    at step (D:\Ghactionstest3\testGithubActions\autoTests\test\specs\assignments\initiated_services\pre_assignment_services\homeSearch_Service_Deposit_Tenacy.spec.ts:33:23)
                    at Object.next (D:\Ghactionstest3\testGithubActions\autoTests\test\specs\assignments\initiated_services\pre_assignment_services\homeSearch_Service_Deposit_Tenacy.spec.ts:14:53)
                    at fulfilled (D:\Ghactionstest3\testGithubActions\autoTests\test\specs\assignments\initiated_services\pre_assignment_services\homeSearch_Service_Deposit_Tenacy.spec.ts:5:58)
                    at runMicrotasks (&lt;anonymous>)
                    at processTicksAndRejections (internal/process/task_queues.js:95:5)</stack-trace>
            </failure>
        </test-case>
        <test-case start='1658470859538' status='failed' stop='1658470869472'>
            <name>Verify set deposit Payment form</name>
            <title>Verify set deposit Payment form</title>
            <labels>
                <label name='language' value='javascript'/>
                <label name='framework' value='wdio'/>
                <label name='thread' value='0-1'/>
            </labels>
            <parameters>
                <parameter kind='argument' name='browser' value='chrome-103.0.5060.134'/>
            </parameters>
            <steps/>
            <attachments/>
            <failure>
                <message>expect(received).toBe(expected) // Object.is equality
                
                Expected: "7.22.2022"
                Received: ""</message>
                <stack-trace>Error: expect(received).toBe(expected) // Object.is equality
                
                Expected: "7.22.2022"
                Received: ""
                    at D:\Ghactionstest3\testGithubActions\autoTests\test\specs\assignments\initiated_services\pre_assignment_services\homeSearch_Service_Deposit_Tenacy.spec.ts:144:62
                    at step (D:\Ghactionstest3\testGithubActions\autoTests\test\specs\assignments\initiated_services\pre_assignment_services\homeSearch_Service_Deposit_Tenacy.spec.ts:33:23)
                    at Object.next (D:\Ghactionstest3\testGithubActions\autoTests\test\specs\assignments\initiated_services\pre_assignment_services\homeSearch_Service_Deposit_Tenacy.spec.ts:14:53)
                    at fulfilled (D:\Ghactionstest3\testGithubActions\autoTests\test\specs\assignments\initiated_services\pre_assignment_services\homeSearch_Service_Deposit_Tenacy.spec.ts:5:58)
                    at runMicrotasks (&lt;anonymous>)
                    at processTicksAndRejections (internal/process/task_queues.js:95:5)</stack-trace>
            </failure>
        </test-case>
        <test-case start='1658470869473' status='passed' stop='1658470880878'>
            <name>Verify edit deposit Payment form</name>
            <title>Verify edit deposit Payment form</title>
            <labels>
                <label name='language' value='javascript'/>
                <label name='framework' value='wdio'/>
                <label name='thread' value='0-1'/>
            </labels>
            <parameters>
                <parameter kind='argument' name='browser' value='chrome-103.0.5060.134'/>
            </parameters>
            <steps/>
            <attachments/>
        </test-case>
    </test-cases>
</ns2:test-suite>