<?xml version='1.0'?>
<ns2:test-suite xmlns:ns2='urn:model.allure.qatools.yandex.ru' start='1654241987565' stop='1654241987566'>
    <name>Temp Accommodation(Origin) Service, test</name>
    <title>Temp Accommodation(Origin) Service, test</title>
    <test-cases>
        <test-case start='1654241987565' status='pending' stop='1654241987565'>
            <name>Go to Services / Temp accommodation (Origin) tab and check label</name>
            <title>Go to Services / Temp accommodation (Origin) tab and check label</title>
            <labels/>
            <parameters/>
            <steps/>
            <attachments/>
            <failure>
                <message>Test ignored</message>
                <stack-trace>undefined</stack-trace>
            </failure>
        </test-case>
        <test-case start='1654241987565' status='pending' stop='1654241987565'>
            <name>Verify Temp accommodation (Origin) Initiation details form</name>
            <title>Verify Temp accommodation (Origin) Initiation details form</title>
            <labels/>
            <parameters/>
            <steps/>
            <attachments/>
            <failure>
                <message>Test ignored</message>
                <stack-trace>undefined</stack-trace>
            </failure>
        </test-case>
        <test-case start='1654241987565' status='pending' stop='1654241987565'>
            <name>Verify Initiate service partner</name>
            <title>Verify Initiate service partner</title>
            <labels/>
            <parameters/>
            <steps/>
            <attachments/>
            <failure>
                <message>Test ignored</message>
                <stack-trace>undefined</stack-trace>
            </failure>
        </test-case>
        <test-case start='1654241987565' status='pending' stop='1654241987565'>
            <name>Verify remove service partner</name>
            <title>Verify remove service partner</title>
            <labels/>
            <parameters/>
            <steps/>
            <attachments/>
            <failure>
                <message>Test ignored</message>
                <stack-trace>undefined</stack-trace>
            </failure>
        </test-case>
        <test-case start='1654241987565' status='pending' stop='1654241987565'>
            <name>Verify Accommodation form</name>
            <title>Verify Accommodation form</title>
            <labels/>
            <parameters/>
            <steps/>
            <attachments/>
            <failure>
                <message>Test ignored</message>
                <stack-trace>undefined</stack-trace>
            </failure>
        </test-case>
        <test-case start='1654241987565' status='pending' stop='1654241987565'>
            <name>Verify edit form Accommodation witout saving </name>
            <title>Verify edit form Accommodation witout saving </title>
            <labels/>
            <parameters/>
            <steps/>
            <attachments/>
            <failure>
                <message>Test ignored</message>
                <stack-trace>undefined</stack-trace>
            </failure>
        </test-case>
        <test-case start='1654241987565' status='pending' stop='1654241987565'>
            <name>Verify edit form Accommodation with saving </name>
            <title>Verify edit form Accommodation with saving </title>
            <labels/>
            <parameters/>
            <steps/>
            <attachments/>
            <failure>
                <message>Test ignored</message>
                <stack-trace>undefined</stack-trace>
            </failure>
        </test-case>
        <test-case start='1654241987565' status='pending' stop='1654241987565'>
            <name>Verify service documents</name>
            <title>Verify service documents</title>
            <labels/>
            <parameters/>
            <steps/>
            <attachments/>
            <failure>
                <message>Test ignored</message>
                <stack-trace>undefined</stack-trace>
            </failure>
        </test-case>
        <test-case start='1654241987565' status='pending' stop='1654241987565'>
            <name>Verify service PurchaseOrder</name>
            <title>Verify service PurchaseOrder</title>
            <labels/>
            <parameters/>
            <steps/>
            <attachments/>
            <failure>
                <message>Test ignored</message>
                <stack-trace>undefined</stack-trace>
            </failure>
        </test-case>
        <test-case start='1654241987565' status='pending' stop='1654241987566'>
            <name>Verify service Sales Order</name>
            <title>Verify service Sales Order</title>
            <labels/>
            <parameters/>
            <steps/>
            <attachments/>
            <failure>
                <message>Test ignored</message>
                <stack-trace>undefined</stack-trace>
            </failure>
        </test-case>
        <test-case start='1654241987566' status='pending' stop='1654241987566'>
            <name>Verify service Recurring Purchase Orders</name>
            <title>Verify service Recurring Purchase Orders</title>
            <labels/>
            <parameters/>
            <steps/>
            <attachments/>
            <failure>
                <message>Test ignored</message>
                <stack-trace>undefined</stack-trace>
            </failure>
        </test-case>
        <test-case start='1654241987566' status='pending' stop='1654241987566'>
            <name>Verify Lease extensions</name>
            <title>Verify Lease extensions</title>
            <labels/>
            <parameters/>
            <steps/>
            <attachments/>
            <failure>
                <message>Test ignored</message>
                <stack-trace>undefined</stack-trace>
            </failure>
        </test-case>
        <test-case start='1654241987566' status='pending' stop='1654241987566'>
            <name>Verify Lease extensions remove and no require fields msg error </name>
            <title>Verify Lease extensions remove and no require fields msg error </title>
            <labels/>
            <parameters/>
            <steps/>
            <attachments/>
            <failure>
                <message>Test ignored</message>
                <stack-trace>undefined</stack-trace>
            </failure>
        </test-case>
    </test-cases>
</ns2:test-suite>