<?xml version='1.0'?>
<ns2:test-suite xmlns:ns2='urn:model.allure.qatools.yandex.ru' start='1658471370866' stop='1658471438920'>
    <name>Departure services, documents and finance test</name>
    <title>Departure services, documents and finance test</title>
    <test-cases>
        <test-case start='1658471370866' status='passed' stop='1658471380421'>
            <name>Go to Services / Departure services page and check label</name>
            <title>Go to Services / Departure services page and check label</title>
            <labels>
                <label name='language' value='javascript'/>
                <label name='framework' value='wdio'/>
                <label name='thread' value='0-7'/>
                <label name='language' value='javascript'/>
                <label name='framework' value='wdio'/>
                <label name='thread' value='0-7'/>
            </labels>
            <parameters>
                <parameter kind='argument' name='browser' value='chrome-103.0.5060.134'/>
                <parameter kind='argument' name='browser' value='chrome-103.0.5060.134'/>
            </parameters>
            <steps/>
            <attachments/>
        </test-case>
        <test-case start='1658471380421' status='broken' stop='1658471406570'>
            <name>Verify schoolSearch section</name>
            <title>Verify schoolSearch section</title>
            <labels>
                <label name='language' value='javascript'/>
                <label name='framework' value='wdio'/>
                <label name='thread' value='0-7'/>
            </labels>
            <parameters>
                <parameter kind='argument' name='browser' value='chrome-103.0.5060.134'/>
            </parameters>
            <steps/>
            <attachments/>
            <failure>
                <message>Cannot read property 'length' of undefined</message>
                <stack-trace>TypeError: Cannot read property 'length' of undefined
                    at commonElements.&lt;anonymous> (D:\Ghactionstest3\testGithubActions\autoTests\test\helper\commonElements.ts:468:27)
                    at step (D:\Ghactionstest3\testGithubActions\autoTests\test\helper\commonElements.ts:33:23)
                    at Object.next (D:\Ghactionstest3\testGithubActions\autoTests\test\helper\commonElements.ts:14:53)
                    at fulfilled (D:\Ghactionstest3\testGithubActions\autoTests\test\helper\commonElements.ts:5:58)
                    at runMicrotasks (&lt;anonymous>)
                    at processTicksAndRejections (internal/process/task_queues.js:95:5)</stack-trace>
            </failure>
        </test-case>
        <test-case start='1658471406572' status='broken' stop='1658471415197'>
            <name>Verify edti schoolSearch section</name>
            <title>Verify edti schoolSearch section</title>
            <labels>
                <label name='language' value='javascript'/>
                <label name='framework' value='wdio'/>
                <label name='thread' value='0-7'/>
            </labels>
            <parameters>
                <parameter kind='argument' name='browser' value='chrome-103.0.5060.134'/>
            </parameters>
            <steps/>
            <attachments/>
            <failure>
                <message>Cannot read property 'length' of undefined</message>
                <stack-trace>TypeError: Cannot read property 'length' of undefined
                    at commonElements.&lt;anonymous> (D:\Ghactionstest3\testGithubActions\autoTests\test\helper\commonElements.ts:468:27)
                    at step (D:\Ghactionstest3\testGithubActions\autoTests\test\helper\commonElements.ts:33:23)
                    at Object.next (D:\Ghactionstest3\testGithubActions\autoTests\test\helper\commonElements.ts:14:53)
                    at fulfilled (D:\Ghactionstest3\testGithubActions\autoTests\test\helper\commonElements.ts:5:58)
                    at runMicrotasks (&lt;anonymous>)
                    at processTicksAndRejections (internal/process/task_queues.js:95:5)</stack-trace>
            </failure>
        </test-case>
        <test-case start='1658471415197' status='passed' stop='1658471422284'>
            <name>Verify schoolSearch section</name>
            <title>Verify schoolSearch section</title>
            <labels>
                <label name='language' value='javascript'/>
                <label name='framework' value='wdio'/>
                <label name='thread' value='0-7'/>
            </labels>
            <parameters>
                <parameter kind='argument' name='browser' value='chrome-103.0.5060.134'/>
            </parameters>
            <steps/>
            <attachments/>
        </test-case>
        <test-case start='1658471422284' status='passed' stop='1658471438919'>
            <name>Verify edti schoolSearch section</name>
            <title>Verify edti schoolSearch section</title>
            <labels>
                <label name='language' value='javascript'/>
                <label name='framework' value='wdio'/>
                <label name='thread' value='0-7'/>
            </labels>
            <parameters>
                <parameter kind='argument' name='browser' value='chrome-103.0.5060.134'/>
            </parameters>
            <steps/>
            <attachments/>
        </test-case>
    </test-cases>
</ns2:test-suite>