<?xml version='1.0'?>
<ns2:test-suite xmlns:ns2='urn:model.allure.qatools.yandex.ru' start='1654260887535' stop='1654260920773'>
    <name>Need analysis school search planning test</name>
    <title>Need analysis school search planning test</title>
    <test-cases>
        <test-case start='1654260887535' status='passed' stop='1654260901870'>
            <name>Go to need analysis tab and check label</name>
            <title>Go to need analysis tab and check label</title>
            <labels>
                <label name='language' value='javascript'/>
                <label name='framework' value='wdio'/>
                <label name='thread' value='0-17'/>
                <label name='language' value='javascript'/>
                <label name='framework' value='wdio'/>
                <label name='thread' value='0-17'/>
            </labels>
            <parameters>
                <parameter kind='argument' name='browser' value='chrome-102.0.5005.63'/>
                <parameter kind='argument' name='browser' value='chrome-102.0.5005.63'/>
            </parameters>
            <steps/>
            <attachments/>
        </test-case>
        <test-case start='1654260901870' status='failed' stop='1654260916020'>
            <name>Verify school search planning section</name>
            <title>Verify school search planning section</title>
            <labels>
                <label name='language' value='javascript'/>
                <label name='framework' value='wdio'/>
                <label name='thread' value='0-17'/>
            </labels>
            <parameters>
                <parameter kind='argument' name='browser' value='chrome-102.0.5005.63'/>
            </parameters>
            <steps/>
            <attachments/>
            <failure>
                <message>expect(received).toBe(expected) // Object.is equality
                
                Expected: "13.6.2022"
                Received: "1.6.2022"</message>
                <stack-trace>Error: expect(received).toBe(expected) // Object.is equality
                
                Expected: "13.6.2022"
                Received: "1.6.2022"
                    at D:\Ghactionstest3\testGithubActions\autoTests\test\specs\assignments\need_analysis\7_schoolSearchPlanning.spec.ts:57:142
                    at step (D:\Ghactionstest3\testGithubActions\autoTests\test\specs\assignments\need_analysis\7_schoolSearchPlanning.spec.ts:33:23)
                    at Object.next (D:\Ghactionstest3\testGithubActions\autoTests\test\specs\assignments\need_analysis\7_schoolSearchPlanning.spec.ts:14:53)
                    at fulfilled (D:\Ghactionstest3\testGithubActions\autoTests\test\specs\assignments\need_analysis\7_schoolSearchPlanning.spec.ts:5:58)
                    at runMicrotasks (&lt;anonymous>)
                    at processTicksAndRejections (internal/process/task_queues.js:95:5)</stack-trace>
            </failure>
        </test-case>
        <test-case start='1654260916023' status='failed' stop='1654260920773'>
            <name>Verify edit school search planning section</name>
            <title>Verify edit school search planning section</title>
            <labels>
                <label name='language' value='javascript'/>
                <label name='framework' value='wdio'/>
                <label name='thread' value='0-17'/>
            </labels>
            <parameters>
                <parameter kind='argument' name='browser' value='chrome-102.0.5005.63'/>
            </parameters>
            <steps/>
            <attachments/>
            <failure>
                <message>expect(received).toBe(expected) // Object.is equality
                
                Expected: "13.6.2022"
                Received: "1.6.2022"</message>
                <stack-trace>Error: expect(received).toBe(expected) // Object.is equality
                
                Expected: "13.6.2022"
                Received: "1.6.2022"
                    at D:\Ghactionstest3\testGithubActions\autoTests\test\specs\assignments\need_analysis\7_schoolSearchPlanning.spec.ts:71:142
                    at step (D:\Ghactionstest3\testGithubActions\autoTests\test\specs\assignments\need_analysis\7_schoolSearchPlanning.spec.ts:33:23)
                    at Object.next (D:\Ghactionstest3\testGithubActions\autoTests\test\specs\assignments\need_analysis\7_schoolSearchPlanning.spec.ts:14:53)
                    at fulfilled (D:\Ghactionstest3\testGithubActions\autoTests\test\specs\assignments\need_analysis\7_schoolSearchPlanning.spec.ts:5:58)
                    at runMicrotasks (&lt;anonymous>)
                    at processTicksAndRejections (internal/process/task_queues.js:95:5)</stack-trace>
            </failure>
        </test-case>
    </test-cases>
</ns2:test-suite>